{
  "RSpec": {
    "coverage": {
      "/home/pravin/hola/bin/spring": [
        null,
        null,
        null,
        null,
        null,
        1,
        0,
        0,
        null,
        0,
        0,
        0,
        0,
        0,
        0,
        null,
        null
      ],
      "/home/pravin/hola/app/models/template.rb": [
        1,
        1,
        null
      ],
      "/home/pravin/hola/app/models/application_record.rb": [
        1,
        1,
        null
      ]
    },
    "timestamp": 1502433161
  }
}
